Vivado Simulator v2023.2
Copyright 1986-2022 Xilinx, Inc. All Rights Reserved.
Copyright 2022-2023 Advanced Micro Devices, Inc. All Rights Reserved.
Running: /home/nguyen-van-thuc/ic_workspace/vanthuc/downloads/tools/Vivado/2023.2/bin/unwrapped/lnx64.o/xelab --incr --debug typical --relax --mt 8 -L xil_defaultlib -L unisims_ver -L unimacro_ver -L secureip --snapshot tb_riscv_pipeline_behav xil_defaultlib.tb_riscv_pipeline xil_defaultlib.glbl -log elaborate.log 
Using 8 slave threads.
Starting static elaboration
Pass Through NonSizing Optimizer
Completed static elaboration
Starting simulation data flow analysis
WARNING: [XSIM 43-4099] "/home/nguyen-van-thuc/ic_workspace/vanthuc/mini_projects/projects_document/prj_vscode/32_bit_Pipelining_RISC_V_Processor/rtl/riscv_pipeline.v" Line 7. Module riscv_pipeline doesn't have a timescale but at least one module in design has a timescale.
WARNING: [XSIM 43-4099] "/home/nguyen-van-thuc/ic_workspace/vanthuc/mini_projects/projects_document/prj_vscode/32_bit_Pipelining_RISC_V_Processor/rtl/fetch_stage.v" Line 2. Module fetch_stage doesn't have a timescale but at least one module in design has a timescale.
WARNING: [XSIM 43-4099] "/home/nguyen-van-thuc/ic_workspace/vanthuc/mini_projects/projects_document/prj_vscode/32_bit_Pipelining_RISC_V_Processor/rtl/decode_stage.v" Line 2. Module decode_stage doesn't have a timescale but at least one module in design has a timescale.
WARNING: [XSIM 43-4099] "/home/nguyen-van-thuc/ic_workspace/vanthuc/mini_projects/projects_document/prj_vscode/32_bit_Pipelining_RISC_V_Processor/rtl/decode_stage.v" Line 154. Module control_unit doesn't have a timescale but at least one module in design has a timescale.
WARNING: [XSIM 43-4099] "/home/nguyen-van-thuc/ic_workspace/vanthuc/mini_projects/projects_document/prj_vscode/32_bit_Pipelining_RISC_V_Processor/rtl/decode_stage.v" Line 293. Module regfile doesn't have a timescale but at least one module in design has a timescale.
WARNING: [XSIM 43-4099] "/home/nguyen-van-thuc/ic_workspace/vanthuc/mini_projects/projects_document/prj_vscode/32_bit_Pipelining_RISC_V_Processor/rtl/decode_stage.v" Line 357. Module extend doesn't have a timescale but at least one module in design has a timescale.
WARNING: [XSIM 43-4099] "/home/nguyen-van-thuc/ic_workspace/vanthuc/mini_projects/projects_document/prj_vscode/32_bit_Pipelining_RISC_V_Processor/rtl/execute_stage.v" Line 3. Module execute_stage doesn't have a timescale but at least one module in design has a timescale.
WARNING: [XSIM 43-4099] "/home/nguyen-van-thuc/ic_workspace/vanthuc/mini_projects/projects_document/prj_vscode/32_bit_Pipelining_RISC_V_Processor/rtl/execute_stage.v" Line 130. Module alu doesn't have a timescale but at least one module in design has a timescale.
WARNING: [XSIM 43-4099] "/home/nguyen-van-thuc/ic_workspace/vanthuc/mini_projects/projects_document/prj_vscode/32_bit_Pipelining_RISC_V_Processor/rtl/execute_stage.v" Line 168. Module pcsrc_logic doesn't have a timescale but at least one module in design has a timescale.
WARNING: [XSIM 43-4099] "/home/nguyen-van-thuc/ic_workspace/vanthuc/mini_projects/projects_document/prj_vscode/32_bit_Pipelining_RISC_V_Processor/rtl/memory_stage.v" Line 3. Module memory_stage doesn't have a timescale but at least one module in design has a timescale.
WARNING: [XSIM 43-4099] "/home/nguyen-van-thuc/ic_workspace/vanthuc/mini_projects/projects_document/prj_vscode/32_bit_Pipelining_RISC_V_Processor/rtl/writeback_stage.v" Line 3. Module writeback_stage doesn't have a timescale but at least one module in design has a timescale.
WARNING: [XSIM 43-4099] "/home/nguyen-van-thuc/ic_workspace/vanthuc/mini_projects/projects_document/prj_vscode/32_bit_Pipelining_RISC_V_Processor/rtl/hazard_unit.v" Line 3. Module hazard_unit doesn't have a timescale but at least one module in design has a timescale.
WARNING: [XSIM 43-4099] "/home/nguyen-van-thuc/ic_workspace/vanthuc/mini_projects/projects_document/prj_vscode/32_bit_Pipelining_RISC_V_Processor/rtl/riscv_pipeline.v" Line 7. Module riscv_pipeline doesn't have a timescale but at least one module in design has a timescale.
WARNING: [XSIM 43-4099] "/home/nguyen-van-thuc/ic_workspace/vanthuc/mini_projects/projects_document/prj_vscode/32_bit_Pipelining_RISC_V_Processor/rtl/fetch_stage.v" Line 2. Module fetch_stage doesn't have a timescale but at least one module in design has a timescale.
WARNING: [XSIM 43-4099] "/home/nguyen-van-thuc/ic_workspace/vanthuc/mini_projects/projects_document/prj_vscode/32_bit_Pipelining_RISC_V_Processor/rtl/decode_stage.v" Line 2. Module decode_stage doesn't have a timescale but at least one module in design has a timescale.
WARNING: [XSIM 43-4099] "/home/nguyen-van-thuc/ic_workspace/vanthuc/mini_projects/projects_document/prj_vscode/32_bit_Pipelining_RISC_V_Processor/rtl/decode_stage.v" Line 154. Module control_unit doesn't have a timescale but at least one module in design has a timescale.
WARNING: [XSIM 43-4099] "/home/nguyen-van-thuc/ic_workspace/vanthuc/mini_projects/projects_document/prj_vscode/32_bit_Pipelining_RISC_V_Processor/rtl/decode_stage.v" Line 293. Module regfile doesn't have a timescale but at least one module in design has a timescale.
WARNING: [XSIM 43-4099] "/home/nguyen-van-thuc/ic_workspace/vanthuc/mini_projects/projects_document/prj_vscode/32_bit_Pipelining_RISC_V_Processor/rtl/decode_stage.v" Line 357. Module extend doesn't have a timescale but at least one module in design has a timescale.
WARNING: [XSIM 43-4099] "/home/nguyen-van-thuc/ic_workspace/vanthuc/mini_projects/projects_document/prj_vscode/32_bit_Pipelining_RISC_V_Processor/rtl/execute_stage.v" Line 3. Module execute_stage doesn't have a timescale but at least one module in design has a timescale.
WARNING: [XSIM 43-4099] "/home/nguyen-van-thuc/ic_workspace/vanthuc/mini_projects/projects_document/prj_vscode/32_bit_Pipelining_RISC_V_Processor/rtl/execute_stage.v" Line 130. Module alu doesn't have a timescale but at least one module in design has a timescale.
WARNING: [XSIM 43-4099] "/home/nguyen-van-thuc/ic_workspace/vanthuc/mini_projects/projects_document/prj_vscode/32_bit_Pipelining_RISC_V_Processor/rtl/execute_stage.v" Line 168. Module pcsrc_logic doesn't have a timescale but at least one module in design has a timescale.
WARNING: [XSIM 43-4099] "/home/nguyen-van-thuc/ic_workspace/vanthuc/mini_projects/projects_document/prj_vscode/32_bit_Pipelining_RISC_V_Processor/rtl/memory_stage.v" Line 3. Module memory_stage doesn't have a timescale but at least one module in design has a timescale.
WARNING: [XSIM 43-4099] "/home/nguyen-van-thuc/ic_workspace/vanthuc/mini_projects/projects_document/prj_vscode/32_bit_Pipelining_RISC_V_Processor/rtl/writeback_stage.v" Line 3. Module writeback_stage doesn't have a timescale but at least one module in design has a timescale.
WARNING: [XSIM 43-4099] "/home/nguyen-van-thuc/ic_workspace/vanthuc/mini_projects/projects_document/prj_vscode/32_bit_Pipelining_RISC_V_Processor/rtl/hazard_unit.v" Line 3. Module hazard_unit doesn't have a timescale but at least one module in design has a timescale.
Completed simulation data flow analysis
Time Resolution for simulation is 1ps
Compiling module xil_defaultlib.fetch_stage
Compiling module xil_defaultlib.control_unit
Compiling module xil_defaultlib.regfile
Compiling module xil_defaultlib.extend
Compiling module xil_defaultlib.decode_stage
Compiling module xil_defaultlib.alu
Compiling module xil_defaultlib.pcsrc_logic
Compiling module xil_defaultlib.execute_stage
Compiling module xil_defaultlib.memory_stage
Compiling module xil_defaultlib.writeback_stage
Compiling module xil_defaultlib.hazard_unit
Compiling module xil_defaultlib.riscv_pipeline
Compiling module xil_defaultlib.tb_riscv_pipeline
Compiling module xil_defaultlib.glbl
Built simulation snapshot tb_riscv_pipeline_behav
