#-----------------------------------------------------------
# Vivado v2023.2 (64-bit)
# SW Build 4029153 on Fri Oct 13 20:13:54 MDT 2023
# IP Build 4028589 on Sat Oct 14 00:45:43 MDT 2023
# SharedData Build 4025554 on Tue Oct 10 17:18:54 MDT 2023
# Start of session at: Tue Jun 23 01:20:56 2026
# Process ID: 53249
# Current directory: /home/nguyen-van-thuc/ic_workspace/vanthuc/mini_projects/projects_document/prj_vscode/32_bit_Pipelining_RISC_V_Processor
# Command line: vivado -mode batch -source vivado/create_proj.tcl
# Log file: /home/nguyen-van-thuc/ic_workspace/vanthuc/mini_projects/projects_document/prj_vscode/32_bit_Pipelining_RISC_V_Processor/vivado.log
# Journal file: /home/nguyen-van-thuc/ic_workspace/vanthuc/mini_projects/projects_document/prj_vscode/32_bit_Pipelining_RISC_V_Processor/vivado.jou
# Running On: nguyenvanthuc2407, OS: Linux, CPU Frequency: 4391.428 MHz, CPU Physical cores: 16, Host memory: 15981 MB
#-----------------------------------------------------------
source vivado/create_proj.tcl
# create_project -force vivado_work ./vivado/project_data
# add_files [glob ./rtl/*.v]
# add_files -fileset sim_1 [glob ./tb/*.v]
# add_files -fileset sim_1 [glob ./*.mem]
# set_property top riscv_pipeline [current_fileset]
# set_property top tb_riscv_pipeline [get_filesets sim_1]
# update_compile_order -fileset sources_1
# update_compile_order -fileset sim_1
INFO: [Common 17-206] Exiting Vivado at Tue Jun 23 01:21:05 2026...
