#-----------------------------------------------------------
# Vivado v2023.2 (64-bit)
# SW Build 4029153 on Fri Oct 13 20:13:54 MDT 2023
# IP Build 4028589 on Sat Oct 14 00:45:43 MDT 2023
# SharedData Build 4025554 on Tue Oct 10 17:18:54 MDT 2023
# Start of session at: Thu Jun 25 22:04:59 2026
# Process ID: 15560
# Current directory: /home/nguyen-van-thuc/ic_workspace/vanthuc/mini_projects/projects_document/prj_vscode/32_bit_Pipelining_RISC_V_Processor
# Command line: vivado ./vivado/project_data/vivado_work.xpr
# Log file: /home/nguyen-van-thuc/ic_workspace/vanthuc/mini_projects/projects_document/prj_vscode/32_bit_Pipelining_RISC_V_Processor/vivado.log
# Journal file: /home/nguyen-van-thuc/ic_workspace/vanthuc/mini_projects/projects_document/prj_vscode/32_bit_Pipelining_RISC_V_Processor/vivado.jou
# Running On: nguyenvanthuc2407, OS: Linux, CPU Frequency: 1095.838 MHz, CPU Physical cores: 16, Host memory: 15981 MB
#-----------------------------------------------------------
start_gui
open_project ./vivado/project_data/vivado_work.xpr
WARNING: [Board 49-26] cannot add Board Part xilinx.com:kc705:part0:1.6 available at /home/nguyen-van-thuc/ic_workspace/vanthuc/downloads/tools/Vivado/2023.2/data/xhub/boards/XilinxBoardStore/boards/Xilinx/kc705/1.6/board.xml as part xc7k325tffg900-2 specified in board_part file is either invalid or not available
WARNING: [Board 49-26] cannot add Board Part xilinx.com:kcu105:part0:1.6 available at /home/nguyen-van-thuc/ic_workspace/vanthuc/downloads/tools/Vivado/2023.2/data/xhub/boards/XilinxBoardStore/boards/Xilinx/kcu105/1.6/board.xml as part xcku040-ffva1156-2-e specified in board_part file is either invalid or not available
WARNING: [Board 49-26] cannot add Board Part xilinx.com:kcu105:part0:1.7 available at /home/nguyen-van-thuc/ic_workspace/vanthuc/downloads/tools/Vivado/2023.2/data/xhub/boards/XilinxBoardStore/boards/Xilinx/kcu105/1.7/board.xml as part xcku040-ffva1156-2-e specified in board_part file is either invalid or not available
WARNING: [Board 49-26] cannot add Board Part xilinx.com:kcu116:part0:1.4 available at /home/nguyen-van-thuc/ic_workspace/vanthuc/downloads/tools/Vivado/2023.2/data/xhub/boards/XilinxBoardStore/boards/Xilinx/kcu116/1.4/board.xml as part xcku5p-ffvb676-2-e specified in board_part file is either invalid or not available
WARNING: [Board 49-26] cannot add Board Part xilinx.com:kcu116:part0:1.5 available at /home/nguyen-van-thuc/ic_workspace/vanthuc/downloads/tools/Vivado/2023.2/data/xhub/boards/XilinxBoardStore/boards/Xilinx/kcu116/1.5/board.xml as part xcku5p-ffvb676-2-e specified in board_part file is either invalid or not available
WARNING: [Board 49-26] cannot add Board Part xilinx.com:kcu1500:part0:1.2 available at /home/nguyen-van-thuc/ic_workspace/vanthuc/downloads/tools/Vivado/2023.2/data/xhub/boards/XilinxBoardStore/boards/Xilinx/kcu1500/1.2/board.xml as part xcku115-flvb2104-2-e specified in board_part file is either invalid or not available
WARNING: [Board 49-26] cannot add Board Part xilinx.com:vc707:part0:1.4 available at /home/nguyen-van-thuc/ic_workspace/vanthuc/downloads/tools/Vivado/2023.2/data/xhub/boards/XilinxBoardStore/boards/Xilinx/vc707/1.4/board.xml as part xc7vx485tffg1761-2 specified in board_part file is either invalid or not available
WARNING: [Board 49-26] cannot add Board Part xilinx.com:vc709:part0:1.8 available at /home/nguyen-van-thuc/ic_workspace/vanthuc/downloads/tools/Vivado/2023.2/data/xhub/boards/XilinxBoardStore/boards/Xilinx/vc709/1.8/board.xml as part xc7vx690tffg1761-2 specified in board_part file is either invalid or not available
WARNING: [Board 49-26] cannot add Board Part xilinx.com:vck190:part0:2.2 available at /home/nguyen-van-thuc/ic_workspace/vanthuc/downloads/tools/Vivado/2023.2/data/xhub/boards/XilinxBoardStore/boards/Xilinx/vck190/production/2.2/board.xml as part xcvc1902-vsva2197-2mp-e-s specified in board_part file is either invalid or not available
WARNING: [Board 49-26] cannot add Board Part xilinx.com:vck190:part0:3.0 available at /home/nguyen-van-thuc/ic_workspace/vanthuc/downloads/tools/Vivado/2023.2/data/xhub/boards/XilinxBoardStore/boards/Xilinx/vck190/production/3.0/board.xml as part xcvc1902-vsva2197-2mp-e-s specified in board_part file is either invalid or not available
WARNING: [Board 49-26] cannot add Board Part xilinx.com:vck190:part0:3.1 available at /home/nguyen-van-thuc/ic_workspace/vanthuc/downloads/tools/Vivado/2023.2/data/xhub/boards/XilinxBoardStore/boards/Xilinx/vck190/production/3.1/board.xml as part xcvc1902-vsva2197-2mp-e-s specified in board_part file is either invalid or not available
WARNING: [Board 49-26] cannot add Board Part xilinx.com:vck190:part0:3.2 available at /home/nguyen-van-thuc/ic_workspace/vanthuc/downloads/tools/Vivado/2023.2/data/xhub/boards/XilinxBoardStore/boards/Xilinx/vck190/production/3.2/board.xml as part xcvc1902-vsva2197-2mp-e-s specified in board_part file is either invalid or not available
WARNING: [Board 49-26] cannot add Board Part xilinx.com:vck190_newl:part0:1.0 available at /home/nguyen-van-thuc/ic_workspace/vanthuc/downloads/tools/Vivado/2023.2/data/xhub/boards/XilinxBoardStore/boards/Xilinx/vck190_newl/production/1.0/board.xml as part xcvc1902-vsva2197-2mp-e-s specified in board_part file is either invalid or not available
WARNING: [Board 49-26] cannot add Board Part xilinx.com:vck190_newl:part0:1.1 available at /home/nguyen-van-thuc/ic_workspace/vanthuc/downloads/tools/Vivado/2023.2/data/xhub/boards/XilinxBoardStore/boards/Xilinx/vck190_newl/production/1.1/board.xml as part xcvc1902-vsva2197-2mp-e-s specified in board_part file is either invalid or not available
WARNING: [Board 49-26] cannot add Board Part xilinx.com:vcu108:part0:1.6 available at /home/nguyen-van-thuc/ic_workspace/vanthuc/downloads/tools/Vivado/2023.2/data/xhub/boards/XilinxBoardStore/boards/Xilinx/vcu108/1.6/board.xml as part xcvu095-ffva2104-2-e specified in board_part file is either invalid or not available
WARNING: [Board 49-26] cannot add Board Part xilinx.com:vcu108:part0:1.7 available at /home/nguyen-van-thuc/ic_workspace/vanthuc/downloads/tools/Vivado/2023.2/data/xhub/boards/XilinxBoardStore/boards/Xilinx/vcu108/1.7/board.xml as part xcvu095-ffva2104-2-e specified in board_part file is either invalid or not available
WARNING: [Board 49-26] cannot add Board Part xilinx.com:vcu110:part0:1.4 available at /home/nguyen-van-thuc/ic_workspace/vanthuc/downloads/tools/Vivado/2023.2/data/xhub/boards/XilinxBoardStore/boards/Xilinx/vcu110/1.4/board.xml as part xcvu190-flgc2104-2-e specified in board_part file is either invalid or not available
WARNING: [Board 49-26] cannot add Board Part xilinx.com:vcu118:part0:2.0 available at /home/nguyen-van-thuc/ic_workspace/vanthuc/downloads/tools/Vivado/2023.2/data/xhub/boards/XilinxBoardStore/boards/Xilinx/vcu118/2.0/board.xml as part xcvu9p-flga2104-2l-e specified in board_part file is either invalid or not available
WARNING: [Board 49-26] cannot add Board Part xilinx.com:vcu118:part0:2.3 available at /home/nguyen-van-thuc/ic_workspace/vanthuc/downloads/tools/Vivado/2023.2/data/xhub/boards/XilinxBoardStore/boards/Xilinx/vcu118/2.3/board.xml as part xcvu9p-flga2104-2l-e specified in board_part file is either invalid or not available
WARNING: [Board 49-26] cannot add Board Part xilinx.com:vcu118:part0:2.4 available at /home/nguyen-van-thuc/ic_workspace/vanthuc/downloads/tools/Vivado/2023.2/data/xhub/boards/XilinxBoardStore/boards/Xilinx/vcu118/2.4/board.xml as part xcvu9p-flga2104-2l-e specified in board_part file is either invalid or not available
WARNING: [Board 49-26] cannot add Board Part xilinx.com:vcu128:part0:1.0 available at /home/nguyen-van-thuc/ic_workspace/vanthuc/downloads/tools/Vivado/2023.2/data/xhub/boards/XilinxBoardStore/boards/Xilinx/vcu128/production/1.0/board.xml as part xcvu37p-fsvh2892-2l-e specified in board_part file is either invalid or not available
WARNING: [Board 49-26] cannot add Board Part xilinx.com:vcu129:part0:1.0 available at /home/nguyen-van-thuc/ic_workspace/vanthuc/downloads/tools/Vivado/2023.2/data/xhub/boards/XilinxBoardStore/boards/Xilinx/vcu129/production/1.0/board.xml as part xcvu29p-fsga2577-2l-e specified in board_part file is either invalid or not available
WARNING: [Board 49-26] cannot add Board Part xilinx.com:vcu1525:part0:1.3 available at /home/nguyen-van-thuc/ic_workspace/vanthuc/downloads/tools/Vivado/2023.2/data/xhub/boards/XilinxBoardStore/boards/Xilinx/vcu1525/1.3/board.xml as part xcvu9p-fsgd2104-2l-e specified in board_part file is either invalid or not available
WARNING: [Board 49-26] cannot add Board Part xilinx.com:vek280:part0:1.0 available at /home/nguyen-van-thuc/ic_workspace/vanthuc/downloads/tools/Vivado/2023.2/data/xhub/boards/XilinxBoardStore/boards/Xilinx/vek280/production/1.0/board.xml as part xcve2802-vsvh1760-2mp-e-s specified in board_part file is either invalid or not available
WARNING: [Board 49-26] cannot add Board Part xilinx.com:vek280_es:part0:1.0 available at /home/nguyen-van-thuc/ic_workspace/vanthuc/downloads/tools/Vivado/2023.2/data/xhub/boards/XilinxBoardStore/boards/Xilinx/vek280/es/rev_a/1.0/board.xml as part xcve2802-vsvh1760-2lp-e-s-es1 specified in board_part file is either invalid or not available
WARNING: [Board 49-26] cannot add Board Part xilinx.com:vek280_es:part0:1.1 available at /home/nguyen-van-thuc/ic_workspace/vanthuc/downloads/tools/Vivado/2023.2/data/xhub/boards/XilinxBoardStore/boards/Xilinx/vek280/es/rev_a/1.1/board.xml as part xcve2802-vsvh1760-2lp-e-s-es1 specified in board_part file is either invalid or not available
WARNING: [Board 49-26] cannot add Board Part xilinx.com:vek280_es_revb:part0:1.0 available at /home/nguyen-van-thuc/ic_workspace/vanthuc/downloads/tools/Vivado/2023.2/data/xhub/boards/XilinxBoardStore/boards/Xilinx/vek280/es/rev_b/1.0/board.xml as part xcve2802-vsvh1760-2mp-e-s-es1 specified in board_part file is either invalid or not available
WARNING: [Board 49-26] cannot add Board Part xilinx.com:vek280_es_revb:part0:1.1 available at /home/nguyen-van-thuc/ic_workspace/vanthuc/downloads/tools/Vivado/2023.2/data/xhub/boards/XilinxBoardStore/boards/Xilinx/vek280/es/rev_b/1.1/board.xml as part xcve2802-vsvh1760-2mp-e-s-es1 specified in board_part file is either invalid or not available
WARNING: [Board 49-26] cannot add Board Part xilinx.com:vermeo_t1_mpsoc:part0:1.0 available at /home/nguyen-van-thuc/ic_workspace/vanthuc/downloads/tools/Vivado/2023.2/data/xhub/boards/XilinxBoardStore/boards/Xilinx/vermeo_t1_mpsoc/1.0/board.xml as part xczu19eg-ffvd1760-2l-e specified in board_part file is either invalid or not available
WARNING: [Board 49-26] cannot add Board Part xilinx.com:vermeo_t1_rfsoc:part0:1.0 available at /home/nguyen-van-thuc/ic_workspace/vanthuc/downloads/tools/Vivado/2023.2/data/xhub/boards/XilinxBoardStore/boards/Xilinx/vermeo_t1_rfsoc/1.0/board.xml as part xczu21dr-ffvd1156-2l-e specified in board_part file is either invalid or not available
WARNING: [Board 49-26] cannot add Board Part xilinx.com:vhk158:part0:1.0 available at /home/nguyen-van-thuc/ic_workspace/vanthuc/downloads/tools/Vivado/2023.2/data/xhub/boards/XilinxBoardStore/boards/Xilinx/vhk158/production/1.0/board.xml as part xcvh1582-vsva3697-2mp-e-s specified in board_part file is either invalid or not available
WARNING: [Board 49-26] cannot add Board Part xilinx.com:vhk158:part0:1.1 available at /home/nguyen-van-thuc/ic_workspace/vanthuc/downloads/tools/Vivado/2023.2/data/xhub/boards/XilinxBoardStore/boards/Xilinx/vhk158/production/1.1/board.xml as part xcvh1582-vsva3697-2mp-e-s specified in board_part file is either invalid or not available
WARNING: [Board 49-26] cannot add Board Part xilinx.com:vhk158_es:part0:1.0 available at /home/nguyen-van-thuc/ic_workspace/vanthuc/downloads/tools/Vivado/2023.2/data/xhub/boards/XilinxBoardStore/boards/Xilinx/vhk158/es/1.0/board.xml as part xcvh1582-vsva3697-2mp-e-s-es1 specified in board_part file is either invalid or not available
WARNING: [Board 49-26] cannot add Board Part xilinx.com:vhk158_es:part0:1.1 available at /home/nguyen-van-thuc/ic_workspace/vanthuc/downloads/tools/Vivado/2023.2/data/xhub/boards/XilinxBoardStore/boards/Xilinx/vhk158/es/1.1/board.xml as part xcvh1582-vsva3697-2mp-e-s-es1 specified in board_part file is either invalid or not available
WARNING: [Board 49-26] cannot add Board Part xilinx.com:vmk180:part0:2.2 available at /home/nguyen-van-thuc/ic_workspace/vanthuc/downloads/tools/Vivado/2023.2/data/xhub/boards/XilinxBoardStore/boards/Xilinx/vmk180/production/2.2/board.xml as part xcvm1802-vsva2197-2mp-e-s specified in board_part file is either invalid or not available
WARNING: [Board 49-26] cannot add Board Part xilinx.com:vmk180:part0:3.0 available at /home/nguyen-van-thuc/ic_workspace/vanthuc/downloads/tools/Vivado/2023.2/data/xhub/boards/XilinxBoardStore/boards/Xilinx/vmk180/production/3.0/board.xml as part xcvm1802-vsva2197-2mp-e-s specified in board_part file is either invalid or not available
WARNING: [Board 49-26] cannot add Board Part xilinx.com:vmk180:part0:3.1 available at /home/nguyen-van-thuc/ic_workspace/vanthuc/downloads/tools/Vivado/2023.2/data/xhub/boards/XilinxBoardStore/boards/Xilinx/vmk180/production/3.1/board.xml as part xcvm1802-vsva2197-2mp-e-s specified in board_part file is either invalid or not available
WARNING: [Board 49-26] cannot add Board Part xilinx.com:vmk180:part0:3.2 available at /home/nguyen-van-thuc/ic_workspace/vanthuc/downloads/tools/Vivado/2023.2/data/xhub/boards/XilinxBoardStore/boards/Xilinx/vmk180/production/3.2/board.xml as part xcvm1802-vsva2197-2mp-e-s specified in board_part file is either invalid or not available
WARNING: [Board 49-26] cannot add Board Part xilinx.com:vmk180_newl:part0:1.0 available at /home/nguyen-van-thuc/ic_workspace/vanthuc/downloads/tools/Vivado/2023.2/data/xhub/boards/XilinxBoardStore/boards/Xilinx/vmk180_newl/production/1.0/board.xml as part xcvm1802-vsva2197-2mp-e-s specified in board_part file is either invalid or not available
WARNING: [Board 49-26] cannot add Board Part xilinx.com:vmk180_newl:part0:1.1 available at /home/nguyen-van-thuc/ic_workspace/vanthuc/downloads/tools/Vivado/2023.2/data/xhub/boards/XilinxBoardStore/boards/Xilinx/vmk180_newl/production/1.1/board.xml as part xcvm1802-vsva2197-2mp-e-s specified in board_part file is either invalid or not available
WARNING: [Board 49-26] cannot add Board Part xilinx.com:vpk120:part0:1.0 available at /home/nguyen-van-thuc/ic_workspace/vanthuc/downloads/tools/Vivado/2023.2/data/xhub/boards/XilinxBoardStore/boards/Xilinx/vpk120/production/1.0/board.xml as part xcvp1202-vsva2785-2mp-e-s specified in board_part file is either invalid or not available
WARNING: [Board 49-26] cannot add Board Part xilinx.com:vpk120:part0:1.1 available at /home/nguyen-van-thuc/ic_workspace/vanthuc/downloads/tools/Vivado/2023.2/data/xhub/boards/XilinxBoardStore/boards/Xilinx/vpk120/production/1.1/board.xml as part xcvp1202-vsva2785-2mp-e-s specified in board_part file is either invalid or not available
WARNING: [Board 49-26] cannot add Board Part xilinx.com:vpk120:part0:1.2 available at /home/nguyen-van-thuc/ic_workspace/vanthuc/downloads/tools/Vivado/2023.2/data/xhub/boards/XilinxBoardStore/boards/Xilinx/vpk120/production/1.2/board.xml as part xcvp1202-vsva2785-2mp-e-s specified in board_part file is either invalid or not available
WARNING: [Board 49-26] cannot add Board Part xilinx.com:vpk180:part0:1.0 available at /home/nguyen-van-thuc/ic_workspace/vanthuc/downloads/tools/Vivado/2023.2/data/xhub/boards/XilinxBoardStore/boards/Xilinx/vpk180/production/1.0/board.xml as part xcvp1802-lsvc4072-2mp-e-s specified in board_part file is either invalid or not available
WARNING: [Board 49-26] cannot add Board Part xilinx.com:vpk180:part0:1.1 available at /home/nguyen-van-thuc/ic_workspace/vanthuc/downloads/tools/Vivado/2023.2/data/xhub/boards/XilinxBoardStore/boards/Xilinx/vpk180/production/1.1/board.xml as part xcvp1802-lsvc4072-2mp-e-s specified in board_part file is either invalid or not available
WARNING: [Board 49-26] cannot add Board Part xilinx.com:zc706:part0:1.4 available at /home/nguyen-van-thuc/ic_workspace/vanthuc/downloads/tools/Vivado/2023.2/data/xhub/boards/XilinxBoardStore/boards/Xilinx/zc706/1.4/board.xml as part xc7z045ffg900-2 specified in board_part file is either invalid or not available
WARNING: [Board 49-26] cannot add Board Part xilinx.com:zcu102:part0:3.3 available at /home/nguyen-van-thuc/ic_workspace/vanthuc/downloads/tools/Vivado/2023.2/data/xhub/boards/XilinxBoardStore/boards/Xilinx/zcu102/3.3/board.xml as part xczu9eg-ffvb1156-2-e specified in board_part file is either invalid or not available
WARNING: [Board 49-26] cannot add Board Part xilinx.com:zcu102:part0:3.4 available at /home/nguyen-van-thuc/ic_workspace/vanthuc/downloads/tools/Vivado/2023.2/data/xhub/boards/XilinxBoardStore/boards/Xilinx/zcu102/3.4/board.xml as part xczu9eg-ffvb1156-2-e specified in board_part file is either invalid or not available
WARNING: [Board 49-26] cannot add Board Part xilinx.com:zcu111:part0:1.2 available at /home/nguyen-van-thuc/ic_workspace/vanthuc/downloads/tools/Vivado/2023.2/data/xhub/boards/XilinxBoardStore/boards/Xilinx/zcu111/1.2/board.xml as part xczu28dr-ffvg1517-2-e specified in board_part file is either invalid or not available
WARNING: [Board 49-26] cannot add Board Part xilinx.com:zcu111:part0:1.3 available at /home/nguyen-van-thuc/ic_workspace/vanthuc/downloads/tools/Vivado/2023.2/data/xhub/boards/XilinxBoardStore/boards/Xilinx/zcu111/1.3/board.xml as part xczu28dr-ffvg1517-2-e specified in board_part file is either invalid or not available
WARNING: [Board 49-26] cannot add Board Part xilinx.com:zcu111:part0:1.4 available at /home/nguyen-van-thuc/ic_workspace/vanthuc/downloads/tools/Vivado/2023.2/data/xhub/boards/XilinxBoardStore/boards/Xilinx/zcu111/1.4/board.xml as part xczu28dr-ffvg1517-2-e specified in board_part file is either invalid or not available
WARNING: [Board 49-26] cannot add Board Part xilinx.com:zcu1275:part0:1.0 available at /home/nguyen-van-thuc/ic_workspace/vanthuc/downloads/tools/Vivado/2023.2/data/xhub/boards/XilinxBoardStore/boards/Xilinx/zcu1275/1.0/board.xml as part xczu29dr-ffvf1760-2-e specified in board_part file is either invalid or not available
WARNING: [Board 49-26] cannot add Board Part xilinx.com:zcu1285:part0:1.0 available at /home/nguyen-van-thuc/ic_workspace/vanthuc/downloads/tools/Vivado/2023.2/data/xhub/boards/XilinxBoardStore/boards/Xilinx/zcu1285/1.0/board.xml as part xczu39dr-ffvf1760-2-i specified in board_part file is either invalid or not available
WARNING: [Board 49-26] cannot add Board Part xilinx.com:zcu208:part0:2.0 available at /home/nguyen-van-thuc/ic_workspace/vanthuc/downloads/tools/Vivado/2023.2/data/xhub/boards/XilinxBoardStore/boards/Xilinx/zcu208/production/2.0/board.xml as part xczu48dr-fsvg1517-2-e specified in board_part file is either invalid or not available
WARNING: [Board 49-26] cannot add Board Part xilinx.com:zcu208ld:part0:2.0 available at /home/nguyen-van-thuc/ic_workspace/vanthuc/downloads/tools/Vivado/2023.2/data/xhub/boards/XilinxBoardStore/boards/Xilinx/zcu208ld/production/2.0/board.xml as part xczu58dr-fsvg1517-2-i specified in board_part file is either invalid or not available
WARNING: [Board 49-26] cannot add Board Part xilinx.com:zcu216:part0:2.0 available at /home/nguyen-van-thuc/ic_workspace/vanthuc/downloads/tools/Vivado/2023.2/data/xhub/boards/XilinxBoardStore/boards/Xilinx/zcu216/production/2.0/board.xml as part xczu49dr-ffvf1760-2-e specified in board_part file is either invalid or not available
WARNING: [Board 49-26] cannot add Board Part xilinx.com:zcu216ld:part0:2.0 available at /home/nguyen-van-thuc/ic_workspace/vanthuc/downloads/tools/Vivado/2023.2/data/xhub/boards/XilinxBoardStore/boards/Xilinx/zcu216ld/production/2.0/board.xml as part xczu59dr-ffvf1760-2-i specified in board_part file is either invalid or not available
WARNING: [Board 49-26] cannot add Board Part xilinx.com:zcu670:part0:2.0 available at /home/nguyen-van-thuc/ic_workspace/vanthuc/downloads/tools/Vivado/2023.2/data/xhub/boards/XilinxBoardStore/boards/Xilinx/zcu670/2.0/board.xml as part xczu67dr-fsve1156-2-i specified in board_part file is either invalid or not available
WARNING: [Board 49-26] cannot add Board Part xilinx.com:zcu670ld:part0:1.0 available at /home/nguyen-van-thuc/ic_workspace/vanthuc/downloads/tools/Vivado/2023.2/data/xhub/boards/XilinxBoardStore/boards/Xilinx/zcu670ld/1.0/board.xml as part xczu57dr-fsve1156-2-i specified in board_part file is either invalid or not available
INFO: [filemgmt 56-3] Default IP Output Path : Could not find the directory '/home/nguyen-van-thuc/ic_workspace/vanthuc/mini_projects/projects_document/prj_vscode/32_bit_Pipelining_RISC_V_Processor/vivado/project_data/vivado_work.gen/sources_1'.
Scanning sources...
Finished scanning sources
INFO: [IP_Flow 19-234] Refreshing IP repositories
INFO: [IP_Flow 19-1704] No user IP repositories specified
INFO: [IP_Flow 19-2313] Loaded Vivado IP repository '/home/nguyen-van-thuc/ic_workspace/vanthuc/downloads/tools/Vivado/2023.2/data/ip'.
open_project: Time (s): cpu = 00:00:11 ; elapsed = 00:00:06 . Memory (MB): peak = 7786.938 ; gain = 374.836 ; free physical = 275 ; free virtual = 8700
update_compile_order -fileset sources_1
reset_run synth_1
INFO: [Project 1-1160] Copying file /home/nguyen-van-thuc/ic_workspace/vanthuc/mini_projects/projects_document/prj_vscode/32_bit_Pipelining_RISC_V_Processor/vivado/project_data/vivado_work.runs/synth_1/riscv_pipeline.dcp to /home/nguyen-van-thuc/ic_workspace/vanthuc/mini_projects/projects_document/prj_vscode/32_bit_Pipelining_RISC_V_Processor/vivado/project_data/vivado_work.srcs/utils_1/imports/synth_1 and adding it to utils fileset
launch_runs synth_1 -jobs 8
[Thu Jun 25 22:05:34 2026] Launched synth_1...
Run output will be captured here: /home/nguyen-van-thuc/ic_workspace/vanthuc/mini_projects/projects_document/prj_vscode/32_bit_Pipelining_RISC_V_Processor/vivado/project_data/vivado_work.runs/synth_1/runme.log
launch_runs impl_1 -jobs 8
[Thu Jun 25 22:06:08 2026] Launched impl_1...
Run output will be captured here: /home/nguyen-van-thuc/ic_workspace/vanthuc/mini_projects/projects_document/prj_vscode/32_bit_Pipelining_RISC_V_Processor/vivado/project_data/vivado_work.runs/impl_1/runme.log
open_run synth_1 -name synth_1
Design is defaulting to impl run constrset: constrs_1
Design is defaulting to synth run part: xc7k70tfbv676-1
INFO: [Device 21-403] Loading part xc7k70tfbv676-1
Netlist sorting complete. Time (s): cpu = 00:00:00 ; elapsed = 00:00:00 . Memory (MB): peak = 8174.734 ; gain = 0.000 ; free physical = 730 ; free virtual = 8425
INFO: [Netlist 29-17] Analyzing 8 Unisim elements for replacement
INFO: [Netlist 29-28] Unisim Transformation completed in 0 CPU seconds
INFO: [Project 1-479] Netlist was created with Vivado 2023.2
INFO: [Project 1-570] Preparing netlist for logic optimization
INFO: [Opt 31-138] Pushed 0 inverter(s) to 0 load pin(s).
Netlist sorting complete. Time (s): cpu = 00:00:00 ; elapsed = 00:00:00 . Memory (MB): peak = 8238.547 ; gain = 0.000 ; free physical = 646 ; free virtual = 8342
INFO: [Project 1-111] Unisim Transformation Summary:
No Unisim elements were transformed.

synth_design -top riscv_pipeline -part xc7k70tfbv676-1 -lint 
Command: synth_design -top riscv_pipeline -part xc7k70tfbv676-1 -lint
Starting synth_design
Attempting to get a license for feature 'Synthesis' and/or device 'xc7k70t'
INFO: [Common 17-349] Got license for feature 'Synthesis' and/or device 'xc7k70t'
INFO: [Synth 8-7079] Multithreading enabled for synth_design using a maximum of 4 processes.
INFO: [Synth 8-7078] Launching helper process for spawning children vivado processes
INFO: [Synth 8-7075] Helper process launched with PID 16276
---------------------------------------------------------------------------------
Starting Synthesize : Time (s): cpu = 00:00:04 ; elapsed = 00:00:03 . Memory (MB): peak = 9128.930 ; gain = 330.227 ; free physical = 173 ; free virtual = 6538
---------------------------------------------------------------------------------
Clean up Linter database...
INFO: [Synth 8-6157] synthesizing module 'riscv_pipeline' [/home/nguyen-van-thuc/ic_workspace/vanthuc/mini_projects/projects_document/prj_vscode/32_bit_Pipelining_RISC_V_Processor/rtl/riscv_pipeline.v:7]
INFO: [Synth 8-6157] synthesizing module 'fetch_stage' [/home/nguyen-van-thuc/ic_workspace/vanthuc/mini_projects/projects_document/prj_vscode/32_bit_Pipelining_RISC_V_Processor/rtl/fetch_stage.v:2]
INFO: [Synth 8-3876] $readmem data file 'imem32.mem' is read successfully [/home/nguyen-van-thuc/ic_workspace/vanthuc/mini_projects/projects_document/prj_vscode/32_bit_Pipelining_RISC_V_Processor/rtl/fetch_stage.v:49]
INFO: [Synth 8-6155] done synthesizing module 'fetch_stage' (1#1) [/home/nguyen-van-thuc/ic_workspace/vanthuc/mini_projects/projects_document/prj_vscode/32_bit_Pipelining_RISC_V_Processor/rtl/fetch_stage.v:2]
INFO: [Synth 8-6157] synthesizing module 'decode_stage' [/home/nguyen-van-thuc/ic_workspace/vanthuc/mini_projects/projects_document/prj_vscode/32_bit_Pipelining_RISC_V_Processor/rtl/decode_stage.v:2]
INFO: [Synth 8-6157] synthesizing module 'control_unit' [/home/nguyen-van-thuc/ic_workspace/vanthuc/mini_projects/projects_document/prj_vscode/32_bit_Pipelining_RISC_V_Processor/rtl/decode_stage.v:154]
INFO: [Synth 8-226] default block is never used [/home/nguyen-van-thuc/ic_workspace/vanthuc/mini_projects/projects_document/prj_vscode/32_bit_Pipelining_RISC_V_Processor/rtl/decode_stage.v:241]
INFO: [Synth 8-6155] done synthesizing module 'control_unit' (2#1) [/home/nguyen-van-thuc/ic_workspace/vanthuc/mini_projects/projects_document/prj_vscode/32_bit_Pipelining_RISC_V_Processor/rtl/decode_stage.v:154]
INFO: [Synth 8-6157] synthesizing module 'regfile' [/home/nguyen-van-thuc/ic_workspace/vanthuc/mini_projects/projects_document/prj_vscode/32_bit_Pipelining_RISC_V_Processor/rtl/decode_stage.v:293]
INFO: [Synth 8-6155] done synthesizing module 'regfile' (3#1) [/home/nguyen-van-thuc/ic_workspace/vanthuc/mini_projects/projects_document/prj_vscode/32_bit_Pipelining_RISC_V_Processor/rtl/decode_stage.v:293]
INFO: [Synth 8-6157] synthesizing module 'extend' [/home/nguyen-van-thuc/ic_workspace/vanthuc/mini_projects/projects_document/prj_vscode/32_bit_Pipelining_RISC_V_Processor/rtl/decode_stage.v:357]
INFO: [Synth 8-226] default block is never used [/home/nguyen-van-thuc/ic_workspace/vanthuc/mini_projects/projects_document/prj_vscode/32_bit_Pipelining_RISC_V_Processor/rtl/decode_stage.v:363]
INFO: [Synth 8-6155] done synthesizing module 'extend' (4#1) [/home/nguyen-van-thuc/ic_workspace/vanthuc/mini_projects/projects_document/prj_vscode/32_bit_Pipelining_RISC_V_Processor/rtl/decode_stage.v:357]
INFO: [Synth 8-6155] done synthesizing module 'decode_stage' (5#1) [/home/nguyen-van-thuc/ic_workspace/vanthuc/mini_projects/projects_document/prj_vscode/32_bit_Pipelining_RISC_V_Processor/rtl/decode_stage.v:2]
INFO: [Synth 8-6157] synthesizing module 'execute_stage' [/home/nguyen-van-thuc/ic_workspace/vanthuc/mini_projects/projects_document/prj_vscode/32_bit_Pipelining_RISC_V_Processor/rtl/execute_stage.v:3]
INFO: [Synth 8-6157] synthesizing module 'alu' [/home/nguyen-van-thuc/ic_workspace/vanthuc/mini_projects/projects_document/prj_vscode/32_bit_Pipelining_RISC_V_Processor/rtl/execute_stage.v:130]
INFO: [Synth 8-6155] done synthesizing module 'alu' (6#1) [/home/nguyen-van-thuc/ic_workspace/vanthuc/mini_projects/projects_document/prj_vscode/32_bit_Pipelining_RISC_V_Processor/rtl/execute_stage.v:130]
INFO: [Synth 8-6157] synthesizing module 'pcsrc_logic' [/home/nguyen-van-thuc/ic_workspace/vanthuc/mini_projects/projects_document/prj_vscode/32_bit_Pipelining_RISC_V_Processor/rtl/execute_stage.v:168]
INFO: [Synth 8-6155] done synthesizing module 'pcsrc_logic' (7#1) [/home/nguyen-van-thuc/ic_workspace/vanthuc/mini_projects/projects_document/prj_vscode/32_bit_Pipelining_RISC_V_Processor/rtl/execute_stage.v:168]
INFO: [Synth 8-6155] done synthesizing module 'execute_stage' (8#1) [/home/nguyen-van-thuc/ic_workspace/vanthuc/mini_projects/projects_document/prj_vscode/32_bit_Pipelining_RISC_V_Processor/rtl/execute_stage.v:3]
INFO: [Synth 8-6157] synthesizing module 'memory_stage' [/home/nguyen-van-thuc/ic_workspace/vanthuc/mini_projects/projects_document/prj_vscode/32_bit_Pipelining_RISC_V_Processor/rtl/memory_stage.v:3]
INFO: [Synth 8-3876] $readmem data file 'dmem32.mem' is read successfully [/home/nguyen-van-thuc/ic_workspace/vanthuc/mini_projects/projects_document/prj_vscode/32_bit_Pipelining_RISC_V_Processor/rtl/memory_stage.v:37]
INFO: [Synth 8-6155] done synthesizing module 'memory_stage' (9#1) [/home/nguyen-van-thuc/ic_workspace/vanthuc/mini_projects/projects_document/prj_vscode/32_bit_Pipelining_RISC_V_Processor/rtl/memory_stage.v:3]
WARNING: [Synth 8-7071] port 'RDM_out' of module 'memory_stage' is unconnected for instance 'u_ma' [/home/nguyen-van-thuc/ic_workspace/vanthuc/mini_projects/projects_document/prj_vscode/32_bit_Pipelining_RISC_V_Processor/rtl/riscv_pipeline.v:190]
WARNING: [Synth 8-7023] instance 'u_ma' of module 'memory_stage' has 16 connections declared, but only 15 given [/home/nguyen-van-thuc/ic_workspace/vanthuc/mini_projects/projects_document/prj_vscode/32_bit_Pipelining_RISC_V_Processor/rtl/riscv_pipeline.v:190]
INFO: [Synth 8-6157] synthesizing module 'writeback_stage' [/home/nguyen-van-thuc/ic_workspace/vanthuc/mini_projects/projects_document/prj_vscode/32_bit_Pipelining_RISC_V_Processor/rtl/writeback_stage.v:3]
INFO: [Synth 8-6155] done synthesizing module 'writeback_stage' (10#1) [/home/nguyen-van-thuc/ic_workspace/vanthuc/mini_projects/projects_document/prj_vscode/32_bit_Pipelining_RISC_V_Processor/rtl/writeback_stage.v:3]
WARNING: [Synth 8-7071] port 'RDW' of module 'writeback_stage' is unconnected for instance 'u_wb' [/home/nguyen-van-thuc/ic_workspace/vanthuc/mini_projects/projects_document/prj_vscode/32_bit_Pipelining_RISC_V_Processor/rtl/riscv_pipeline.v:209]
WARNING: [Synth 8-7071] port 'RegWriteW_out' of module 'writeback_stage' is unconnected for instance 'u_wb' [/home/nguyen-van-thuc/ic_workspace/vanthuc/mini_projects/projects_document/prj_vscode/32_bit_Pipelining_RISC_V_Processor/rtl/riscv_pipeline.v:209]
WARNING: [Synth 8-7023] instance 'u_wb' of module 'writeback_stage' has 9 connections declared, but only 7 given [/home/nguyen-van-thuc/ic_workspace/vanthuc/mini_projects/projects_document/prj_vscode/32_bit_Pipelining_RISC_V_Processor/rtl/riscv_pipeline.v:209]
INFO: [Synth 8-6157] synthesizing module 'hazard_unit' [/home/nguyen-van-thuc/ic_workspace/vanthuc/mini_projects/projects_document/prj_vscode/32_bit_Pipelining_RISC_V_Processor/rtl/hazard_unit.v:3]
INFO: [Synth 8-6155] done synthesizing module 'hazard_unit' (11#1) [/home/nguyen-van-thuc/ic_workspace/vanthuc/mini_projects/projects_document/prj_vscode/32_bit_Pipelining_RISC_V_Processor/rtl/hazard_unit.v:3]
INFO: [Synth 8-6155] done synthesizing module 'riscv_pipeline' (12#1) [/home/nguyen-van-thuc/ic_workspace/vanthuc/mini_projects/projects_document/prj_vscode/32_bit_Pipelining_RISC_V_Processor/rtl/riscv_pipeline.v:7]
---------------------------------------------------------------------------------
Finished Synthesize : Time (s): cpu = 00:00:05 ; elapsed = 00:00:04 . Memory (MB): peak = 9206.867 ; gain = 408.164 ; free physical = 174 ; free virtual = 6262
---------------------------------------------------------------------------------
Copyright 1986-2022 Xilinx, Inc. All Rights Reserved. Copyright 2022-2023 Advanced Micro Devices, Inc. All Rights Reserved.
---------------------------------------------------------------------------------------------------------------------------------------------
| Tool Version : Vivado v.2023.2 (lin64) Build 4029153 Fri Oct 13 20:13:54 MDT 2023
| Date         : Thu Jun 25 22:06:25 2026
| Host         : nguyenvanthuc2407 running 64-bit Ubuntu 24.04.4 LTS
---------------------------------------------------------------------------------------------------------------------------------------------

RTL Linter Report

Table of Contents
-----------------
1. Summary

1. Summary
----------

+-----------+--------------+----------+
| Rule ID   | # Violations | # Waived |
+-----------+--------------+----------+
| ASSIGN-5  | 2            | 0        |
| ASSIGN-10 | 3            | 0        |
| RESET-2   | 2            | 0        |
+-----------+--------------+----------+


WARNING: [Synth 37-87] [ASSIGN-5]All bits in array 'ALUOpD' are not set. First unset bit index is 0. 
RTL Name 'ALUOpD', Hierarchy 'decode_stage', File '/home/nguyen-van-thuc/ic_workspace/vanthuc/mini_projects/projects_document/prj_vscode/32_bit_Pipelining_RISC_V_Processor/rtl/decode_stage.v', Line 65.
WARNING: [Synth 37-87] [ASSIGN-5]All bits in array 'i' are not set. First unset bit index is 0. 
RTL Name 'i', Hierarchy 'regfile', File '/home/nguyen-van-thuc/ic_workspace/vanthuc/mini_projects/projects_document/prj_vscode/32_bit_Pipelining_RISC_V_Processor/rtl/decode_stage.v', Line 304.
WARNING: [Synth 37-102] [ASSIGN-10]All bits in IO 'funct7' are not read. First unused bit index is 0. 
RTL Name 'funct7', Hierarchy 'control_unit', File '/home/nguyen-van-thuc/ic_workspace/vanthuc/mini_projects/projects_document/prj_vscode/32_bit_Pipelining_RISC_V_Processor/rtl/decode_stage.v', Line 157.
WARNING: [Synth 37-103] [RESET-2]Register RegWriteE_reg in always/process block does not have asynchronous reset when one or more other signals do.
RTL Name 'RegWriteE_reg', Hierarchy 'decode_stage', File '/home/nguyen-van-thuc/ic_workspace/vanthuc/mini_projects/projects_document/prj_vscode/32_bit_Pipelining_RISC_V_Processor/rtl/decode_stage.v', Line 108.
WARNING: [Synth 37-102] [ASSIGN-10]All bits in IO 'RS1E' are not read. First unused bit index is 0. 
RTL Name 'RS1E', Hierarchy 'execute_stage', File '/home/nguyen-van-thuc/ic_workspace/vanthuc/mini_projects/projects_document/prj_vscode/32_bit_Pipelining_RISC_V_Processor/rtl/execute_stage.v', Line 25.
WARNING: [Synth 37-102] [ASSIGN-10]All bits in IO 'RS2E' are not read. First unused bit index is 0. 
RTL Name 'RS2E', Hierarchy 'execute_stage', File '/home/nguyen-van-thuc/ic_workspace/vanthuc/mini_projects/projects_document/prj_vscode/32_bit_Pipelining_RISC_V_Processor/rtl/execute_stage.v', Line 26.
WARNING: [Synth 37-103] [RESET-2]Register InStrD_reg in always/process block does not have asynchronous reset when one or more other signals do.
RTL Name 'InStrD_reg', Hierarchy 'fetch_stage', File '/home/nguyen-van-thuc/ic_workspace/vanthuc/mini_projects/projects_document/prj_vscode/32_bit_Pipelining_RISC_V_Processor/rtl/fetch_stage.v', Line 55.
INFO: [Synth 37-85] Total of 7 linter message(s) generated.
INFO: [Synth 37-45] Linter Run Finished!
Synthesis Optimization Runtime : Time (s): cpu = 00:00:05 ; elapsed = 00:00:04 . Memory (MB): peak = 9206.867 ; gain = 408.164 ; free physical = 171 ; free virtual = 6255
INFO: [Common 17-83] Releasing license: Synthesis
35 Infos, 12 Warnings, 0 Critical Warnings and 0 Errors encountered.
synth_design completed successfully
close_design
open_run impl_1
Netlist sorting complete. Time (s): cpu = 00:00:00 ; elapsed = 00:00:00.01 . Memory (MB): peak = 9226.867 ; gain = 0.000 ; free physical = 246 ; free virtual = 6217
INFO: [Netlist 29-17] Analyzing 8 Unisim elements for replacement
INFO: [Netlist 29-28] Unisim Transformation completed in 0 CPU seconds
INFO: [Project 1-479] Netlist was created with Vivado 2023.2
INFO: [Project 1-570] Preparing netlist for logic optimization
Read ShapeDB Complete: Time (s): cpu = 00:00:00 ; elapsed = 00:00:00 . Memory (MB): peak = 9226.867 ; gain = 0.000 ; free physical = 247 ; free virtual = 6220
INFO: [Designutils 20-5722] Start Reading Physical Databases.
Reading placement.
Read Netlist Cache: Time (s): cpu = 00:00:00 ; elapsed = 00:00:00 . Memory (MB): peak = 9226.867 ; gain = 0.000 ; free physical = 247 ; free virtual = 6220
Reading placer database...
Read Device Cache: Time (s): cpu = 00:00:00 ; elapsed = 00:00:00 . Memory (MB): peak = 9226.867 ; gain = 0.000 ; free physical = 247 ; free virtual = 6220
Read PlaceDB: Time (s): cpu = 00:00:00 ; elapsed = 00:00:00.01 . Memory (MB): peak = 9226.867 ; gain = 0.000 ; free physical = 247 ; free virtual = 6220
Read PulsedLatchDB: Time (s): cpu = 00:00:00 ; elapsed = 00:00:00 . Memory (MB): peak = 9226.867 ; gain = 0.000 ; free physical = 247 ; free virtual = 6220
Reading routing.
Read RouteStorage: Time (s): cpu = 00:00:00.01 ; elapsed = 00:00:00 . Memory (MB): peak = 9226.867 ; gain = 0.000 ; free physical = 247 ; free virtual = 6220
Read Physdb Files: Time (s): cpu = 00:00:00.02 ; elapsed = 00:00:00.02 . Memory (MB): peak = 9226.867 ; gain = 0.000 ; free physical = 247 ; free virtual = 6220
Restored from archive | CPU: 0.020000 secs | Memory: 0.362366 MB |
Finished XDEF File Restore: Time (s): cpu = 00:00:00.02 ; elapsed = 00:00:00.02 . Memory (MB): peak = 9226.867 ; gain = 0.000 ; free physical = 247 ; free virtual = 6220
Netlist sorting complete. Time (s): cpu = 00:00:00 ; elapsed = 00:00:00 . Memory (MB): peak = 9226.867 ; gain = 0.000 ; free physical = 247 ; free virtual = 6220
INFO: [Project 1-111] Unisim Transformation Summary:
No Unisim elements were transformed.

WARNING: [Timing 38-313] There are no user specified timing constraints. Timing constraints are needed for proper timing analysis.
close_design
synth_design -rtl -rtl_skip_mlo -name rtl_1
Command: synth_design -rtl -rtl_skip_mlo -name rtl_1
Starting synth_design
Using part: xc7k70tfbv676-1
Top: riscv_pipeline
INFO: [Synth 8-7079] Multithreading enabled for synth_design using a maximum of 4 processes.
---------------------------------------------------------------------------------
Starting RTL Elaboration : Time (s): cpu = 00:00:04 ; elapsed = 00:00:03 . Memory (MB): peak = 9306.938 ; gain = 0.000 ; free physical = 1660 ; free virtual = 7642
---------------------------------------------------------------------------------
INFO: [Synth 8-6157] synthesizing module 'riscv_pipeline' [/home/nguyen-van-thuc/ic_workspace/vanthuc/mini_projects/projects_document/prj_vscode/32_bit_Pipelining_RISC_V_Processor/rtl/riscv_pipeline.v:7]
INFO: [Synth 8-6157] synthesizing module 'fetch_stage' [/home/nguyen-van-thuc/ic_workspace/vanthuc/mini_projects/projects_document/prj_vscode/32_bit_Pipelining_RISC_V_Processor/rtl/fetch_stage.v:2]
INFO: [Synth 8-3876] $readmem data file 'imem32.mem' is read successfully [/home/nguyen-van-thuc/ic_workspace/vanthuc/mini_projects/projects_document/prj_vscode/32_bit_Pipelining_RISC_V_Processor/rtl/fetch_stage.v:49]
INFO: [Synth 8-6155] done synthesizing module 'fetch_stage' (0#1) [/home/nguyen-van-thuc/ic_workspace/vanthuc/mini_projects/projects_document/prj_vscode/32_bit_Pipelining_RISC_V_Processor/rtl/fetch_stage.v:2]
INFO: [Synth 8-6157] synthesizing module 'decode_stage' [/home/nguyen-van-thuc/ic_workspace/vanthuc/mini_projects/projects_document/prj_vscode/32_bit_Pipelining_RISC_V_Processor/rtl/decode_stage.v:2]
INFO: [Synth 8-6157] synthesizing module 'control_unit' [/home/nguyen-van-thuc/ic_workspace/vanthuc/mini_projects/projects_document/prj_vscode/32_bit_Pipelining_RISC_V_Processor/rtl/decode_stage.v:154]
INFO: [Synth 8-226] default block is never used [/home/nguyen-van-thuc/ic_workspace/vanthuc/mini_projects/projects_document/prj_vscode/32_bit_Pipelining_RISC_V_Processor/rtl/decode_stage.v:241]
INFO: [Synth 8-6155] done synthesizing module 'control_unit' (0#1) [/home/nguyen-van-thuc/ic_workspace/vanthuc/mini_projects/projects_document/prj_vscode/32_bit_Pipelining_RISC_V_Processor/rtl/decode_stage.v:154]
INFO: [Synth 8-6157] synthesizing module 'regfile' [/home/nguyen-van-thuc/ic_workspace/vanthuc/mini_projects/projects_document/prj_vscode/32_bit_Pipelining_RISC_V_Processor/rtl/decode_stage.v:293]
INFO: [Synth 8-6155] done synthesizing module 'regfile' (0#1) [/home/nguyen-van-thuc/ic_workspace/vanthuc/mini_projects/projects_document/prj_vscode/32_bit_Pipelining_RISC_V_Processor/rtl/decode_stage.v:293]
INFO: [Synth 8-6157] synthesizing module 'extend' [/home/nguyen-van-thuc/ic_workspace/vanthuc/mini_projects/projects_document/prj_vscode/32_bit_Pipelining_RISC_V_Processor/rtl/decode_stage.v:357]
INFO: [Synth 8-226] default block is never used [/home/nguyen-van-thuc/ic_workspace/vanthuc/mini_projects/projects_document/prj_vscode/32_bit_Pipelining_RISC_V_Processor/rtl/decode_stage.v:363]
INFO: [Synth 8-6155] done synthesizing module 'extend' (0#1) [/home/nguyen-van-thuc/ic_workspace/vanthuc/mini_projects/projects_document/prj_vscode/32_bit_Pipelining_RISC_V_Processor/rtl/decode_stage.v:357]
INFO: [Synth 8-6155] done synthesizing module 'decode_stage' (0#1) [/home/nguyen-van-thuc/ic_workspace/vanthuc/mini_projects/projects_document/prj_vscode/32_bit_Pipelining_RISC_V_Processor/rtl/decode_stage.v:2]
INFO: [Synth 8-6157] synthesizing module 'execute_stage' [/home/nguyen-van-thuc/ic_workspace/vanthuc/mini_projects/projects_document/prj_vscode/32_bit_Pipelining_RISC_V_Processor/rtl/execute_stage.v:3]
INFO: [Synth 8-6157] synthesizing module 'alu' [/home/nguyen-van-thuc/ic_workspace/vanthuc/mini_projects/projects_document/prj_vscode/32_bit_Pipelining_RISC_V_Processor/rtl/execute_stage.v:130]
INFO: [Synth 8-6155] done synthesizing module 'alu' (0#1) [/home/nguyen-van-thuc/ic_workspace/vanthuc/mini_projects/projects_document/prj_vscode/32_bit_Pipelining_RISC_V_Processor/rtl/execute_stage.v:130]
INFO: [Synth 8-6157] synthesizing module 'pcsrc_logic' [/home/nguyen-van-thuc/ic_workspace/vanthuc/mini_projects/projects_document/prj_vscode/32_bit_Pipelining_RISC_V_Processor/rtl/execute_stage.v:168]
INFO: [Synth 8-6155] done synthesizing module 'pcsrc_logic' (0#1) [/home/nguyen-van-thuc/ic_workspace/vanthuc/mini_projects/projects_document/prj_vscode/32_bit_Pipelining_RISC_V_Processor/rtl/execute_stage.v:168]
INFO: [Synth 8-6155] done synthesizing module 'execute_stage' (0#1) [/home/nguyen-van-thuc/ic_workspace/vanthuc/mini_projects/projects_document/prj_vscode/32_bit_Pipelining_RISC_V_Processor/rtl/execute_stage.v:3]
INFO: [Synth 8-6157] synthesizing module 'memory_stage' [/home/nguyen-van-thuc/ic_workspace/vanthuc/mini_projects/projects_document/prj_vscode/32_bit_Pipelining_RISC_V_Processor/rtl/memory_stage.v:3]
INFO: [Synth 8-3876] $readmem data file 'dmem32.mem' is read successfully [/home/nguyen-van-thuc/ic_workspace/vanthuc/mini_projects/projects_document/prj_vscode/32_bit_Pipelining_RISC_V_Processor/rtl/memory_stage.v:37]
INFO: [Synth 8-6155] done synthesizing module 'memory_stage' (0#1) [/home/nguyen-van-thuc/ic_workspace/vanthuc/mini_projects/projects_document/prj_vscode/32_bit_Pipelining_RISC_V_Processor/rtl/memory_stage.v:3]
WARNING: [Synth 8-7071] port 'RDM_out' of module 'memory_stage' is unconnected for instance 'u_ma' [/home/nguyen-van-thuc/ic_workspace/vanthuc/mini_projects/projects_document/prj_vscode/32_bit_Pipelining_RISC_V_Processor/rtl/riscv_pipeline.v:190]
WARNING: [Synth 8-7023] instance 'u_ma' of module 'memory_stage' has 16 connections declared, but only 15 given [/home/nguyen-van-thuc/ic_workspace/vanthuc/mini_projects/projects_document/prj_vscode/32_bit_Pipelining_RISC_V_Processor/rtl/riscv_pipeline.v:190]
INFO: [Synth 8-6157] synthesizing module 'writeback_stage' [/home/nguyen-van-thuc/ic_workspace/vanthuc/mini_projects/projects_document/prj_vscode/32_bit_Pipelining_RISC_V_Processor/rtl/writeback_stage.v:3]
INFO: [Synth 8-6155] done synthesizing module 'writeback_stage' (0#1) [/home/nguyen-van-thuc/ic_workspace/vanthuc/mini_projects/projects_document/prj_vscode/32_bit_Pipelining_RISC_V_Processor/rtl/writeback_stage.v:3]
WARNING: [Synth 8-7071] port 'RDW' of module 'writeback_stage' is unconnected for instance 'u_wb' [/home/nguyen-van-thuc/ic_workspace/vanthuc/mini_projects/projects_document/prj_vscode/32_bit_Pipelining_RISC_V_Processor/rtl/riscv_pipeline.v:209]
WARNING: [Synth 8-7071] port 'RegWriteW_out' of module 'writeback_stage' is unconnected for instance 'u_wb' [/home/nguyen-van-thuc/ic_workspace/vanthuc/mini_projects/projects_document/prj_vscode/32_bit_Pipelining_RISC_V_Processor/rtl/riscv_pipeline.v:209]
WARNING: [Synth 8-7023] instance 'u_wb' of module 'writeback_stage' has 9 connections declared, but only 7 given [/home/nguyen-van-thuc/ic_workspace/vanthuc/mini_projects/projects_document/prj_vscode/32_bit_Pipelining_RISC_V_Processor/rtl/riscv_pipeline.v:209]
INFO: [Synth 8-6157] synthesizing module 'hazard_unit' [/home/nguyen-van-thuc/ic_workspace/vanthuc/mini_projects/projects_document/prj_vscode/32_bit_Pipelining_RISC_V_Processor/rtl/hazard_unit.v:3]
INFO: [Synth 8-6155] done synthesizing module 'hazard_unit' (0#1) [/home/nguyen-van-thuc/ic_workspace/vanthuc/mini_projects/projects_document/prj_vscode/32_bit_Pipelining_RISC_V_Processor/rtl/hazard_unit.v:3]
INFO: [Synth 8-6155] done synthesizing module 'riscv_pipeline' (0#1) [/home/nguyen-van-thuc/ic_workspace/vanthuc/mini_projects/projects_document/prj_vscode/32_bit_Pipelining_RISC_V_Processor/rtl/riscv_pipeline.v:7]
---------------------------------------------------------------------------------
Finished RTL Elaboration : Time (s): cpu = 00:00:05 ; elapsed = 00:00:04 . Memory (MB): peak = 9306.938 ; gain = 0.000 ; free physical = 1654 ; free virtual = 7637
---------------------------------------------------------------------------------
---------------------------------------------------------------------------------
Start Handling Custom Attributes
---------------------------------------------------------------------------------
---------------------------------------------------------------------------------
Finished Handling Custom Attributes : Time (s): cpu = 00:00:05 ; elapsed = 00:00:04 . Memory (MB): peak = 9306.938 ; gain = 0.000 ; free physical = 1654 ; free virtual = 7636
---------------------------------------------------------------------------------
---------------------------------------------------------------------------------
Finished RTL Optimization Phase 1 : Time (s): cpu = 00:00:05 ; elapsed = 00:00:04 . Memory (MB): peak = 9306.938 ; gain = 0.000 ; free physical = 1654 ; free virtual = 7636
---------------------------------------------------------------------------------
Netlist sorting complete. Time (s): cpu = 00:00:00.01 ; elapsed = 00:00:00.01 . Memory (MB): peak = 9306.938 ; gain = 0.000 ; free physical = 1862 ; free virtual = 7845
INFO: [Project 1-570] Preparing netlist for logic optimization

Processing XDC Constraints
Initializing timing engine
Completed Processing XDC Constraints

Netlist sorting complete. Time (s): cpu = 00:00:00 ; elapsed = 00:00:00 . Memory (MB): peak = 9371.734 ; gain = 0.000 ; free physical = 1878 ; free virtual = 7861
INFO: [Project 1-111] Unisim Transformation Summary:
No Unisim elements were transformed.

RTL Elaboration Complete:  : Time (s): cpu = 00:00:10 ; elapsed = 00:00:05 . Memory (MB): peak = 9428.586 ; gain = 121.648 ; free physical = 1886 ; free virtual = 7873
31 Infos, 5 Warnings, 0 Critical Warnings and 0 Errors encountered.
synth_design completed successfully
synth_design: Time (s): cpu = 00:00:10 ; elapsed = 00:00:05 . Memory (MB): peak = 9428.586 ; gain = 121.648 ; free physical = 1886 ; free virtual = 7873
INFO: [Common 17-2834] synth_design peak Physical Memory [PSS] (MB): overall = 2395.207; main = 2395.207; forked = 0.000
INFO: [Common 17-2834] synth_design peak Virtual Memory [VSS] (MB): overall = 9426.590; main = 9426.590; forked = 0.000
close_design
open_run synth_1 -name synth_1
Design is defaulting to impl run constrset: constrs_1
Design is defaulting to synth run part: xc7k70tfbv676-1
Netlist sorting complete. Time (s): cpu = 00:00:00 ; elapsed = 00:00:00.01 . Memory (MB): peak = 9428.586 ; gain = 0.000 ; free physical = 1759 ; free virtual = 7780
INFO: [Netlist 29-17] Analyzing 8 Unisim elements for replacement
INFO: [Netlist 29-28] Unisim Transformation completed in 0 CPU seconds
INFO: [Project 1-479] Netlist was created with Vivado 2023.2
INFO: [Project 1-570] Preparing netlist for logic optimization
INFO: [Opt 31-138] Pushed 0 inverter(s) to 0 load pin(s).
Netlist sorting complete. Time (s): cpu = 00:00:00 ; elapsed = 00:00:00 . Memory (MB): peak = 9428.586 ; gain = 0.000 ; free physical = 1758 ; free virtual = 7780
INFO: [Project 1-111] Unisim Transformation Summary:
No Unisim elements were transformed.

close_design
open_run impl_1
Netlist sorting complete. Time (s): cpu = 00:00:00 ; elapsed = 00:00:00 . Memory (MB): peak = 9428.586 ; gain = 0.000 ; free physical = 1732 ; free virtual = 7767
INFO: [Netlist 29-17] Analyzing 8 Unisim elements for replacement
INFO: [Netlist 29-28] Unisim Transformation completed in 0 CPU seconds
INFO: [Project 1-479] Netlist was created with Vivado 2023.2
INFO: [Project 1-570] Preparing netlist for logic optimization
Read ShapeDB Complete: Time (s): cpu = 00:00:00.01 ; elapsed = 00:00:00 . Memory (MB): peak = 9428.586 ; gain = 0.000 ; free physical = 1731 ; free virtual = 7766
INFO: [Designutils 20-5722] Start Reading Physical Databases.
Reading placement.
Read Netlist Cache: Time (s): cpu = 00:00:00 ; elapsed = 00:00:00 . Memory (MB): peak = 9428.586 ; gain = 0.000 ; free physical = 1731 ; free virtual = 7766
Reading placer database...
Read Device Cache: Time (s): cpu = 00:00:00.01 ; elapsed = 00:00:00 . Memory (MB): peak = 9428.586 ; gain = 0.000 ; free physical = 1731 ; free virtual = 7766
Read PlaceDB: Time (s): cpu = 00:00:00 ; elapsed = 00:00:00.01 . Memory (MB): peak = 9428.586 ; gain = 0.000 ; free physical = 1731 ; free virtual = 7766
Read PulsedLatchDB: Time (s): cpu = 00:00:00 ; elapsed = 00:00:00 . Memory (MB): peak = 9428.586 ; gain = 0.000 ; free physical = 1731 ; free virtual = 7766
Reading routing.
Read RouteStorage: Time (s): cpu = 00:00:00.01 ; elapsed = 00:00:00 . Memory (MB): peak = 9428.586 ; gain = 0.000 ; free physical = 1731 ; free virtual = 7766
Read Physdb Files: Time (s): cpu = 00:00:00.02 ; elapsed = 00:00:00.01 . Memory (MB): peak = 9428.586 ; gain = 0.000 ; free physical = 1731 ; free virtual = 7766
Restored from archive | CPU: 0.020000 secs | Memory: 0.360275 MB |
Finished XDEF File Restore: Time (s): cpu = 00:00:00.02 ; elapsed = 00:00:00.01 . Memory (MB): peak = 9428.586 ; gain = 0.000 ; free physical = 1731 ; free virtual = 7766
Netlist sorting complete. Time (s): cpu = 00:00:00 ; elapsed = 00:00:00 . Memory (MB): peak = 9428.586 ; gain = 0.000 ; free physical = 1731 ; free virtual = 7766
INFO: [Project 1-111] Unisim Transformation Summary:
No Unisim elements were transformed.

WARNING: [Timing 38-313] There are no user specified timing constraints. Timing constraints are needed for proper timing analysis.
exit
INFO: [Common 17-206] Exiting Vivado at Thu Jun 25 22:27:29 2026...
