Copyright 1986-2022 Xilinx, Inc. All Rights Reserved. Copyright 2022-2023 Advanced Micro Devices, Inc. All Rights Reserved.
---------------------------------------------------------------------------------------------------------------------------------------------------------------------------------------------------------------------------------------
| Tool Version : Vivado v.2023.2 (lin64) Build 4029153 Fri Oct 13 20:13:54 MDT 2023
| Date         : Thu Jun 25 22:06:36 2026
| Host         : nguyenvanthuc2407 running 64-bit Ubuntu 24.04.4 LTS
| Command      : report_timing_summary -max_paths 10 -report_unconstrained -file riscv_pipeline_timing_summary_routed.rpt -pb riscv_pipeline_timing_summary_routed.pb -rpx riscv_pipeline_timing_summary_routed.rpx -warn_on_violation
| Design       : riscv_pipeline
| Device       : 7k70t-fbv676
| Speed File   : -1  PRODUCTION 1.12 2017-02-17
| Design State : Routed
---------------------------------------------------------------------------------------------------------------------------------------------------------------------------------------------------------------------------------------

Timing Summary Report

------------------------------------------------------------------------------------------------
| Timer Settings
| --------------
------------------------------------------------------------------------------------------------

  Enable Multi Corner Analysis               :  Yes
  Enable Pessimism Removal                   :  Yes
  Pessimism Removal Resolution               :  Nearest Common Node
  Enable Input Delay Default Clock           :  No
  Enable Preset / Clear Arcs                 :  No
  Disable Flight Delays                      :  No
  Ignore I/O Paths                           :  No
  Timing Early Launch at Borrowing Latches   :  No
  Borrow Time for Max Delay Exceptions       :  Yes
  Merge Timing Exceptions                    :  Yes
  Inter-SLR Compensation                     :  Conservative

  Corner  Analyze    Analyze    
  Name    Max Paths  Min Paths  
  ------  ---------  ---------  
  Slow    Yes        Yes        
  Fast    Yes        Yes        


------------------------------------------------------------------------------------------------
| Report Methodology
| ------------------
------------------------------------------------------------------------------------------------

Rule       Severity          Description                  Violations  
---------  ----------------  ---------------------------  ----------  
TIMING-17  Critical Warning  Non-clocked sequential cell  68          

Note: This report is based on the most recent report_methodology run and may not be up-to-date. Run report_methodology on the current design for the latest report.



check_timing report

Table of Contents
-----------------
1. checking no_clock (68)
2. checking constant_clock (0)
3. checking pulse_width_clock (0)
4. checking unconstrained_internal_endpoints (132)
5. checking no_input_delay (1)
6. checking no_output_delay (35)
7. checking multiple_clock (0)
8. checking generated_clocks (0)
9. checking loops (0)
10. checking partial_input_delay (0)
11. checking partial_output_delay (0)
12. checking latch_loops (0)

1. checking no_clock (68)
-------------------------
 There are 68 register/latch pins with no clock driven by root clock pin: CLK (HIGH)


2. checking constant_clock (0)
------------------------------
 There are 0 register/latch pins with constant_clock.


3. checking pulse_width_clock (0)
---------------------------------
 There are 0 register/latch pins which need pulse_width check


4. checking unconstrained_internal_endpoints (132)
--------------------------------------------------
 There are 132 pins that are not constrained for maximum delay. (HIGH)

 There are 0 pins that are not constrained for maximum delay due to constant clock.


5. checking no_input_delay (1)
------------------------------
 There is 1 input port with no input delay specified. (HIGH)

 There are 0 input ports with no input delay but user has a false path constraint.


6. checking no_output_delay (35)
--------------------------------
 There are 35 ports with no output delay specified. (HIGH)

 There are 0 ports with no output delay but user has a false path constraint

 There are 0 ports with no output delay but with a timing clock defined on it or propagating through it


7. checking multiple_clock (0)
------------------------------
 There are 0 register/latch pins with multiple clocks.


8. checking generated_clocks (0)
--------------------------------
 There are 0 generated clocks that are not connected to a clock source.


9. checking loops (0)
---------------------
 There are 0 combinational loops in the design.


10. checking partial_input_delay (0)
------------------------------------
 There are 0 input ports with partial input delay specified.


11. checking partial_output_delay (0)
-------------------------------------
 There are 0 ports with partial output delay specified.


12. checking latch_loops (0)
----------------------------
 There are 0 combinational latch loops in the design through latch input



------------------------------------------------------------------------------------------------
| Design Timing Summary
| ---------------------
------------------------------------------------------------------------------------------------

    WNS(ns)      TNS(ns)  TNS Failing Endpoints  TNS Total Endpoints      WHS(ns)      THS(ns)  THS Failing Endpoints  THS Total Endpoints     WPWS(ns)     TPWS(ns)  TPWS Failing Endpoints  TPWS Total Endpoints  
    -------      -------  ---------------------  -------------------      -------      -------  ---------------------  -------------------     --------     --------  ----------------------  --------------------  
        inf        0.000                      0                  167          inf        0.000                      0                  167           NA           NA                      NA                    NA  


There are no user specified timing constraints.


------------------------------------------------------------------------------------------------
| Clock Summary
| -------------
------------------------------------------------------------------------------------------------


------------------------------------------------------------------------------------------------
| Intra Clock Table
| -----------------
------------------------------------------------------------------------------------------------

Clock             WNS(ns)      TNS(ns)  TNS Failing Endpoints  TNS Total Endpoints      WHS(ns)      THS(ns)  THS Failing Endpoints  THS Total Endpoints     WPWS(ns)     TPWS(ns)  TPWS Failing Endpoints  TPWS Total Endpoints  
-----             -------      -------  ---------------------  -------------------      -------      -------  ---------------------  -------------------     --------     --------  ----------------------  --------------------  


------------------------------------------------------------------------------------------------
| Inter Clock Table
| -----------------
------------------------------------------------------------------------------------------------

From Clock    To Clock          WNS(ns)      TNS(ns)  TNS Failing Endpoints  TNS Total Endpoints      WHS(ns)      THS(ns)  THS Failing Endpoints  THS Total Endpoints  
----------    --------          -------      -------  ---------------------  -------------------      -------      -------  ---------------------  -------------------  


------------------------------------------------------------------------------------------------
| Other Path Groups Table
| -----------------------
------------------------------------------------------------------------------------------------

Path Group    From Clock    To Clock          WNS(ns)      TNS(ns)  TNS Failing Endpoints  TNS Total Endpoints      WHS(ns)      THS(ns)  THS Failing Endpoints  THS Total Endpoints  
----------    ----------    --------          -------      -------  ---------------------  -------------------      -------      -------  ---------------------  -------------------  


------------------------------------------------------------------------------------------------
| User Ignored Path Table
| -----------------------
------------------------------------------------------------------------------------------------

Path Group    From Clock    To Clock    
----------    ----------    --------    


------------------------------------------------------------------------------------------------
| Unconstrained Path Table
| ------------------------
------------------------------------------------------------------------------------------------

Path Group    From Clock    To Clock    
----------    ----------    --------    
(none)                                    


------------------------------------------------------------------------------------------------
| Timing Details
| --------------
------------------------------------------------------------------------------------------------


--------------------------------------------------------------------------------------
Path Group:  (none)
From Clock:  
  To Clock:  

Max Delay           167 Endpoints
Min Delay           167 Endpoints
--------------------------------------------------------------------------------------


Max Delay Paths
--------------------------------------------------------------------------------------
Slack:                    inf
  Source:                 RESET
                            (input port)
  Destination:            u_if/PCD_reg[30]/CLR
  Path Group:             (none)
  Path Type:              Max at Slow Process Corner
  Data Path Delay:        5.423ns  (logic 0.802ns (14.781%)  route 4.621ns (85.219%))
  Logic Levels:           1  (IBUF=1)

    Location             Delay type                Incr(ns)  Path(ns)    Netlist Resource(s)
  -------------------------------------------------------------------    -------------------
    U16                                               0.000     0.000 f  RESET (IN)
                         net (fo=0)                   0.000     0.000    RESET
    U16                  IBUF (Prop_ibuf_I_O)         0.802     0.802 f  RESET_IBUF_inst/O
                         net (fo=68, routed)          4.621     5.423    u_if/RESET_IBUF
    SLICE_X0Y88          FDCE                                         f  u_if/PCD_reg[30]/CLR
  -------------------------------------------------------------------    -------------------

Slack:                    inf
  Source:                 RESET
                            (input port)
  Destination:            u_if/PC_reg_reg[29]/CLR
  Path Group:             (none)
  Path Type:              Max at Slow Process Corner
  Data Path Delay:        5.423ns  (logic 0.802ns (14.781%)  route 4.621ns (85.219%))
  Logic Levels:           1  (IBUF=1)

    Location             Delay type                Incr(ns)  Path(ns)    Netlist Resource(s)
  -------------------------------------------------------------------    -------------------
    U16                                               0.000     0.000 f  RESET (IN)
                         net (fo=0)                   0.000     0.000    RESET
    U16                  IBUF (Prop_ibuf_I_O)         0.802     0.802 f  RESET_IBUF_inst/O
                         net (fo=68, routed)          4.621     5.423    u_if/RESET_IBUF
    SLICE_X0Y88          FDCE                                         f  u_if/PC_reg_reg[29]/CLR
  -------------------------------------------------------------------    -------------------

Slack:                    inf
  Source:                 RESET
                            (input port)
  Destination:            u_if/PC_reg_reg[30]/CLR
  Path Group:             (none)
  Path Type:              Max at Slow Process Corner
  Data Path Delay:        5.423ns  (logic 0.802ns (14.781%)  route 4.621ns (85.219%))
  Logic Levels:           1  (IBUF=1)

    Location             Delay type                Incr(ns)  Path(ns)    Netlist Resource(s)
  -------------------------------------------------------------------    -------------------
    U16                                               0.000     0.000 f  RESET (IN)
                         net (fo=0)                   0.000     0.000    RESET
    U16                  IBUF (Prop_ibuf_I_O)         0.802     0.802 f  RESET_IBUF_inst/O
                         net (fo=68, routed)          4.621     5.423    u_if/RESET_IBUF
    SLICE_X0Y88          FDCE                                         f  u_if/PC_reg_reg[30]/CLR
  -------------------------------------------------------------------    -------------------

Slack:                    inf
  Source:                 RESET
                            (input port)
  Destination:            u_if/PC_reg_reg[31]/CLR
  Path Group:             (none)
  Path Type:              Max at Slow Process Corner
  Data Path Delay:        5.423ns  (logic 0.802ns (14.781%)  route 4.621ns (85.219%))
  Logic Levels:           1  (IBUF=1)

    Location             Delay type                Incr(ns)  Path(ns)    Netlist Resource(s)
  -------------------------------------------------------------------    -------------------
    U16                                               0.000     0.000 f  RESET (IN)
                         net (fo=0)                   0.000     0.000    RESET
    U16                  IBUF (Prop_ibuf_I_O)         0.802     0.802 f  RESET_IBUF_inst/O
                         net (fo=68, routed)          4.621     5.423    u_if/RESET_IBUF
    SLICE_X0Y88          FDCE                                         f  u_if/PC_reg_reg[31]/CLR
  -------------------------------------------------------------------    -------------------

Slack:                    inf
  Source:                 RESET
                            (input port)
  Destination:            u_if/PCD_reg[21]/CLR
  Path Group:             (none)
  Path Type:              Max at Slow Process Corner
  Data Path Delay:        5.421ns  (logic 0.802ns (14.787%)  route 4.619ns (85.213%))
  Logic Levels:           1  (IBUF=1)

    Location             Delay type                Incr(ns)  Path(ns)    Netlist Resource(s)
  -------------------------------------------------------------------    -------------------
    U16                                               0.000     0.000 f  RESET (IN)
                         net (fo=0)                   0.000     0.000    RESET
    U16                  IBUF (Prop_ibuf_I_O)         0.802     0.802 f  RESET_IBUF_inst/O
                         net (fo=68, routed)          4.619     5.421    u_if/RESET_IBUF
    SLICE_X1Y88          FDCE                                         f  u_if/PCD_reg[21]/CLR
  -------------------------------------------------------------------    -------------------

Slack:                    inf
  Source:                 RESET
                            (input port)
  Destination:            u_if/PCD_reg[22]/CLR
  Path Group:             (none)
  Path Type:              Max at Slow Process Corner
  Data Path Delay:        5.421ns  (logic 0.802ns (14.787%)  route 4.619ns (85.213%))
  Logic Levels:           1  (IBUF=1)

    Location             Delay type                Incr(ns)  Path(ns)    Netlist Resource(s)
  -------------------------------------------------------------------    -------------------
    U16                                               0.000     0.000 f  RESET (IN)
                         net (fo=0)                   0.000     0.000    RESET
    U16                  IBUF (Prop_ibuf_I_O)         0.802     0.802 f  RESET_IBUF_inst/O
                         net (fo=68, routed)          4.619     5.421    u_if/RESET_IBUF
    SLICE_X1Y88          FDCE                                         f  u_if/PCD_reg[22]/CLR
  -------------------------------------------------------------------    -------------------

Slack:                    inf
  Source:                 RESET
                            (input port)
  Destination:            u_if/PCD_reg[23]/CLR
  Path Group:             (none)
  Path Type:              Max at Slow Process Corner
  Data Path Delay:        5.421ns  (logic 0.802ns (14.787%)  route 4.619ns (85.213%))
  Logic Levels:           1  (IBUF=1)

    Location             Delay type                Incr(ns)  Path(ns)    Netlist Resource(s)
  -------------------------------------------------------------------    -------------------
    U16                                               0.000     0.000 f  RESET (IN)
                         net (fo=0)                   0.000     0.000    RESET
    U16                  IBUF (Prop_ibuf_I_O)         0.802     0.802 f  RESET_IBUF_inst/O
                         net (fo=68, routed)          4.619     5.421    u_if/RESET_IBUF
    SLICE_X1Y88          FDCE                                         f  u_if/PCD_reg[23]/CLR
  -------------------------------------------------------------------    -------------------

Slack:                    inf
  Source:                 RESET
                            (input port)
  Destination:            u_if/PCD_reg[24]/CLR
  Path Group:             (none)
  Path Type:              Max at Slow Process Corner
  Data Path Delay:        5.421ns  (logic 0.802ns (14.787%)  route 4.619ns (85.213%))
  Logic Levels:           1  (IBUF=1)

    Location             Delay type                Incr(ns)  Path(ns)    Netlist Resource(s)
  -------------------------------------------------------------------    -------------------
    U16                                               0.000     0.000 f  RESET (IN)
                         net (fo=0)                   0.000     0.000    RESET
    U16                  IBUF (Prop_ibuf_I_O)         0.802     0.802 f  RESET_IBUF_inst/O
                         net (fo=68, routed)          4.619     5.421    u_if/RESET_IBUF
    SLICE_X1Y88          FDCE                                         f  u_if/PCD_reg[24]/CLR
  -------------------------------------------------------------------    -------------------

Slack:                    inf
  Source:                 RESET
                            (input port)
  Destination:            u_if/PCD_reg[26]/CLR
  Path Group:             (none)
  Path Type:              Max at Slow Process Corner
  Data Path Delay:        5.421ns  (logic 0.802ns (14.787%)  route 4.619ns (85.213%))
  Logic Levels:           1  (IBUF=1)

    Location             Delay type                Incr(ns)  Path(ns)    Netlist Resource(s)
  -------------------------------------------------------------------    -------------------
    U16                                               0.000     0.000 f  RESET (IN)
                         net (fo=0)                   0.000     0.000    RESET
    U16                  IBUF (Prop_ibuf_I_O)         0.802     0.802 f  RESET_IBUF_inst/O
                         net (fo=68, routed)          4.619     5.421    u_if/RESET_IBUF
    SLICE_X1Y88          FDCE                                         f  u_if/PCD_reg[26]/CLR
  -------------------------------------------------------------------    -------------------

Slack:                    inf
  Source:                 RESET
                            (input port)
  Destination:            u_if/PCD_reg[27]/CLR
  Path Group:             (none)
  Path Type:              Max at Slow Process Corner
  Data Path Delay:        5.421ns  (logic 0.802ns (14.787%)  route 4.619ns (85.213%))
  Logic Levels:           1  (IBUF=1)

    Location             Delay type                Incr(ns)  Path(ns)    Netlist Resource(s)
  -------------------------------------------------------------------    -------------------
    U16                                               0.000     0.000 f  RESET (IN)
                         net (fo=0)                   0.000     0.000    RESET
    U16                  IBUF (Prop_ibuf_I_O)         0.802     0.802 f  RESET_IBUF_inst/O
                         net (fo=68, routed)          4.619     5.421    u_if/RESET_IBUF
    SLICE_X1Y88          FDCE                                         f  u_if/PCD_reg[27]/CLR
  -------------------------------------------------------------------    -------------------





Min Delay Paths
--------------------------------------------------------------------------------------
Slack:                    inf
  Source:                 u_if/PC_reg_reg[16]/C
                            (rising edge-triggered cell FDCE)
  Destination:            u_if/PCD_reg[16]/D
  Path Group:             (none)
  Path Type:              Min at Fast Process Corner
  Data Path Delay:        0.201ns  (logic 0.100ns (49.631%)  route 0.101ns (50.369%))
  Logic Levels:           1  (FDCE=1)

    Location             Delay type                Incr(ns)  Path(ns)    Netlist Resource(s)
  -------------------------------------------------------------------    -------------------
    SLICE_X0Y84          FDCE                         0.000     0.000 r  u_if/PC_reg_reg[16]/C
    SLICE_X0Y84          FDCE (Prop_fdce_C_Q)         0.100     0.100 r  u_if/PC_reg_reg[16]/Q
                         net (fo=2, routed)           0.101     0.201    u_if/PC_reg_reg_n_0_[16]
    SLICE_X1Y83          FDCE                                         r  u_if/PCD_reg[16]/D
  -------------------------------------------------------------------    -------------------

Slack:                    inf
  Source:                 u_ex/RegWriteM_reg/C
                            (rising edge-triggered cell FDCE)
  Destination:            u_ma/RegWriteW_reg/D
  Path Group:             (none)
  Path Type:              Min at Fast Process Corner
  Data Path Delay:        0.202ns  (logic 0.100ns (49.415%)  route 0.102ns (50.585%))
  Logic Levels:           1  (FDCE=1)

    Location             Delay type                Incr(ns)  Path(ns)    Netlist Resource(s)
  -------------------------------------------------------------------    -------------------
    SLICE_X1Y43          FDCE                         0.000     0.000 r  u_ex/RegWriteM_reg/C
    SLICE_X1Y43          FDCE (Prop_fdce_C_Q)         0.100     0.100 r  u_ex/RegWriteM_reg/Q
                         net (fo=1, routed)           0.102     0.202    u_ma/RegWriteM_s
    SLICE_X0Y43          FDCE                                         r  u_ma/RegWriteW_reg/D
  -------------------------------------------------------------------    -------------------

Slack:                    inf
  Source:                 u_if/PC_reg_reg[26]/C
                            (rising edge-triggered cell FDCE)
  Destination:            u_if/PCD_reg[26]/D
  Path Group:             (none)
  Path Type:              Min at Fast Process Corner
  Data Path Delay:        0.207ns  (logic 0.100ns (48.235%)  route 0.107ns (51.765%))
  Logic Levels:           1  (FDCE=1)

    Location             Delay type                Incr(ns)  Path(ns)    Netlist Resource(s)
  -------------------------------------------------------------------    -------------------
    SLICE_X0Y87          FDCE                         0.000     0.000 r  u_if/PC_reg_reg[26]/C
    SLICE_X0Y87          FDCE (Prop_fdce_C_Q)         0.100     0.100 r  u_if/PC_reg_reg[26]/Q
                         net (fo=2, routed)           0.107     0.207    u_if/PC_reg_reg_n_0_[26]
    SLICE_X1Y88          FDCE                                         r  u_if/PCD_reg[26]/D
  -------------------------------------------------------------------    -------------------

Slack:                    inf
  Source:                 u_if/PC_reg_reg[14]/C
                            (rising edge-triggered cell FDCE)
  Destination:            u_if/PCD_reg[14]/D
  Path Group:             (none)
  Path Type:              Min at Fast Process Corner
  Data Path Delay:        0.211ns  (logic 0.100ns (47.343%)  route 0.111ns (52.657%))
  Logic Levels:           1  (FDCE=1)

    Location             Delay type                Incr(ns)  Path(ns)    Netlist Resource(s)
  -------------------------------------------------------------------    -------------------
    SLICE_X0Y84          FDCE                         0.000     0.000 r  u_if/PC_reg_reg[14]/C
    SLICE_X0Y84          FDCE (Prop_fdce_C_Q)         0.100     0.100 r  u_if/PC_reg_reg[14]/Q
                         net (fo=2, routed)           0.111     0.211    u_if/PC_reg_reg_n_0_[14]
    SLICE_X1Y83          FDCE                                         r  u_if/PCD_reg[14]/D
  -------------------------------------------------------------------    -------------------

Slack:                    inf
  Source:                 u_if/PC_reg_reg[15]/C
                            (rising edge-triggered cell FDCE)
  Destination:            u_if/PCD_reg[15]/D
  Path Group:             (none)
  Path Type:              Min at Fast Process Corner
  Data Path Delay:        0.212ns  (logic 0.100ns (47.102%)  route 0.112ns (52.898%))
  Logic Levels:           1  (FDCE=1)

    Location             Delay type                Incr(ns)  Path(ns)    Netlist Resource(s)
  -------------------------------------------------------------------    -------------------
    SLICE_X0Y84          FDCE                         0.000     0.000 r  u_if/PC_reg_reg[15]/C
    SLICE_X0Y84          FDCE (Prop_fdce_C_Q)         0.100     0.100 r  u_if/PC_reg_reg[15]/Q
                         net (fo=2, routed)           0.112     0.212    u_if/PC_reg_reg_n_0_[15]
    SLICE_X1Y83          FDCE                                         r  u_if/PCD_reg[15]/D
  -------------------------------------------------------------------    -------------------

Slack:                    inf
  Source:                 u_if/PC_reg_reg[13]/C
                            (rising edge-triggered cell FDCE)
  Destination:            u_if/PCD_reg[13]/D
  Path Group:             (none)
  Path Type:              Min at Fast Process Corner
  Data Path Delay:        0.213ns  (logic 0.100ns (46.843%)  route 0.113ns (53.157%))
  Logic Levels:           1  (FDCE=1)

    Location             Delay type                Incr(ns)  Path(ns)    Netlist Resource(s)
  -------------------------------------------------------------------    -------------------
    SLICE_X0Y84          FDCE                         0.000     0.000 r  u_if/PC_reg_reg[13]/C
    SLICE_X0Y84          FDCE (Prop_fdce_C_Q)         0.100     0.100 r  u_if/PC_reg_reg[13]/Q
                         net (fo=2, routed)           0.113     0.213    u_if/PC_reg_reg_n_0_[13]
    SLICE_X1Y83          FDCE                                         r  u_if/PCD_reg[13]/D
  -------------------------------------------------------------------    -------------------

Slack:                    inf
  Source:                 u_if/InStrD_reg[4]/C
                            (rising edge-triggered cell FDPE)
  Destination:            u_id/ALUControlE_reg[1]/D
  Path Group:             (none)
  Path Type:              Min at Fast Process Corner
  Data Path Delay:        0.215ns  (logic 0.100ns (46.599%)  route 0.115ns (53.401%))
  Logic Levels:           1  (FDPE=1)

    Location             Delay type                Incr(ns)  Path(ns)    Netlist Resource(s)
  -------------------------------------------------------------------    -------------------
    SLICE_X0Y43          FDPE                         0.000     0.000 r  u_if/InStrD_reg[4]/C
    SLICE_X0Y43          FDPE (Prop_fdpe_C_Q)         0.100     0.100 r  u_if/InStrD_reg[4]/Q
                         net (fo=2, routed)           0.115     0.215    u_id/o_instr_decode_OBUF[0]
    SLICE_X0Y43          FDCE                                         r  u_id/ALUControlE_reg[1]/D
  -------------------------------------------------------------------    -------------------

Slack:                    inf
  Source:                 u_if/PC_reg_reg[23]/C
                            (rising edge-triggered cell FDCE)
  Destination:            u_if/PCD_reg[23]/D
  Path Group:             (none)
  Path Type:              Min at Fast Process Corner
  Data Path Delay:        0.253ns  (logic 0.100ns (39.456%)  route 0.153ns (60.544%))
  Logic Levels:           1  (FDCE=1)

    Location             Delay type                Incr(ns)  Path(ns)    Netlist Resource(s)
  -------------------------------------------------------------------    -------------------
    SLICE_X0Y86          FDCE                         0.000     0.000 r  u_if/PC_reg_reg[23]/C
    SLICE_X0Y86          FDCE (Prop_fdce_C_Q)         0.100     0.100 r  u_if/PC_reg_reg[23]/Q
                         net (fo=2, routed)           0.153     0.253    u_if/PC_reg_reg_n_0_[23]
    SLICE_X1Y88          FDCE                                         r  u_if/PCD_reg[23]/D
  -------------------------------------------------------------------    -------------------

Slack:                    inf
  Source:                 u_if/PC_reg_reg[24]/C
                            (rising edge-triggered cell FDCE)
  Destination:            u_if/PCD_reg[24]/D
  Path Group:             (none)
  Path Type:              Min at Fast Process Corner
  Data Path Delay:        0.256ns  (logic 0.100ns (39.066%)  route 0.156ns (60.934%))
  Logic Levels:           1  (FDCE=1)

    Location             Delay type                Incr(ns)  Path(ns)    Netlist Resource(s)
  -------------------------------------------------------------------    -------------------
    SLICE_X0Y86          FDCE                         0.000     0.000 r  u_if/PC_reg_reg[24]/C
    SLICE_X0Y86          FDCE (Prop_fdce_C_Q)         0.100     0.100 r  u_if/PC_reg_reg[24]/Q
                         net (fo=2, routed)           0.156     0.256    u_if/PC_reg_reg_n_0_[24]
    SLICE_X1Y88          FDCE                                         r  u_if/PCD_reg[24]/D
  -------------------------------------------------------------------    -------------------

Slack:                    inf
  Source:                 u_if/PC_reg_reg[18]/C
                            (rising edge-triggered cell FDCE)
  Destination:            u_if/PCD_reg[18]/D
  Path Group:             (none)
  Path Type:              Min at Fast Process Corner
  Data Path Delay:        0.264ns  (logic 0.100ns (37.831%)  route 0.164ns (62.169%))
  Logic Levels:           1  (FDCE=1)

    Location             Delay type                Incr(ns)  Path(ns)    Netlist Resource(s)
  -------------------------------------------------------------------    -------------------
    SLICE_X0Y85          FDCE                         0.000     0.000 r  u_if/PC_reg_reg[18]/C
    SLICE_X0Y85          FDCE (Prop_fdce_C_Q)         0.100     0.100 r  u_if/PC_reg_reg[18]/Q
                         net (fo=2, routed)           0.164     0.264    u_if/PC_reg_reg_n_0_[18]
    SLICE_X1Y85          FDCE                                         r  u_if/PCD_reg[18]/D
  -------------------------------------------------------------------    -------------------





